2021-02-26 21:38:14,584 [Worker-0: Loading available Gradle versions] INFO  o.e.b.c.i.u.g.PublishedGradleVersions - Gradle version information cache is up-to-date. Trying to read.
2021-02-26 21:38:45,748 [Worker-4: Importing Maven projects] INFO  o.e.m.c.i.l.LifecycleMappingFactory - Using org.eclipse.m2e.jdt.JarLifecycleMapping lifecycle mapping for MavenProject: com.rab3tech:banking-api:0.0.1-SNAPSHOT @ C:\Users\Ahmed\OneDrive\Desktop\Work-Space-Test\online-banking-parent\banking-api\pom.xml.
2021-02-26 21:38:49,755 [Worker-4: Importing Maven projects] INFO  o.e.m.c.i.p.WorkspaceClassifierResolverManager - Resolving P/banking-service: com.rab3tech:banking-service:0.0.1-SNAPSHOT with classifier  to /banking-service/target/classes
2021-02-26 21:38:49,756 [Worker-4: Importing Maven projects] INFO  o.e.m.c.i.p.WorkspaceClassifierResolverManager - Resolving P/banking-dao: com.rab3tech:banking-dao:0.0.1-SNAPSHOT with classifier  to /banking-dao/target/classes
2021-02-26 21:38:49,908 [Worker-4: Importing Maven projects] INFO  o.e.m.c.i.l.LifecycleMappingFactory - Using NULL lifecycle mapping for MavenProject: com.rab3tech:online-banking-parent:0.0.1-SNAPSHOT @ C:\Users\Ahmed\OneDrive\Desktop\Work-Space-Test\online-banking-parent\pom.xml.
2021-02-26 21:38:50,426 [Worker-4: Importing Maven projects] INFO  o.e.m.c.i.l.LifecycleMappingFactory - Using org.eclipse.m2e.jdt.JarLifecycleMapping lifecycle mapping for MavenProject: com.rab3tech:banking-dao:0.0.1-SNAPSHOT @ C:\Users\Ahmed\OneDrive\Desktop\Work-Space-Test\online-banking-parent\banking-dao\pom.xml.
2021-02-26 21:38:50,968 [Worker-4: Importing Maven projects] INFO  o.e.m.c.i.l.LifecycleMappingFactory - Using org.eclipse.m2e.jdt.JarLifecycleMapping lifecycle mapping for MavenProject: com.rab3tech:banking-service:0.0.1-SNAPSHOT @ C:\Users\Ahmed\OneDrive\Desktop\Work-Space-Test\online-banking-parent\banking-service\pom.xml.
2021-02-26 21:38:50,997 [Worker-4: Importing Maven projects] WARN  o.e.m.c.i.embedder.EclipseLogger - The artifact org.hibernate:hibernate-validator:jar:6.0.13.Final has been relocated to org.hibernate.validator:hibernate-validator:jar:6.0.13.Final
2021-02-26 21:38:51,006 [Worker-4: Importing Maven projects] INFO  o.e.m.c.i.p.WorkspaceClassifierResolverManager - Resolving P/banking-dao: com.rab3tech:banking-dao:0.0.1-SNAPSHOT with classifier  to /banking-dao/target/classes
2021-02-26 21:38:51,514 [Worker-4: Importing Maven projects] INFO  o.e.m.c.i.l.LifecycleMappingFactory - Using org.eclipse.m2e.jdt.JarLifecycleMapping lifecycle mapping for MavenProject: com.rab3tech:banking-web:0.0.1-SNAPSHOT @ C:\Users\Ahmed\OneDrive\Desktop\Work-Space-Test\online-banking-parent\banking-web\pom.xml.
2021-02-26 21:38:51,677 [Worker-4: Importing Maven projects] INFO  o.e.m.c.i.p.WorkspaceClassifierResolverManager - Resolving P/banking-service: com.rab3tech:banking-service:0.0.1-SNAPSHOT with classifier  to /banking-service/target/classes
2021-02-26 21:38:51,711 [Worker-4: Importing Maven projects] INFO  o.e.m.c.i.p.WorkspaceClassifierResolverManager - Resolving P/banking-dao: com.rab3tech:banking-dao:0.0.1-SNAPSHOT with classifier  to /banking-dao/target/classes
2021-02-26 21:38:51,728 [Worker-4: Importing Maven projects] INFO  o.e.m.c.i.p.WorkspaceClassifierResolverManager - Resolving P/banking-api: com.rab3tech:banking-api:0.0.1-SNAPSHOT with classifier  to /banking-api/target/classes
2021-02-26 21:38:52,135 [Worker-4: Importing Maven projects] INFO  o.e.m.c.i.l.LifecycleMappingFactory - Using org.eclipse.m2e.jdt.JarLifecycleMapping lifecycle mapping for MavenProject: com.rab3tech:banking-api:0.0.1-SNAPSHOT @ C:\Users\Ahmed\OneDrive\Desktop\Work-Space-Test\online-banking-parent\banking-api\pom.xml.
2021-02-26 21:38:52,149 [Worker-4: Importing Maven projects] INFO  o.e.m.c.i.p.WorkspaceClassifierResolverManager - Resolving P/banking-service: com.rab3tech:banking-service:0.0.1-SNAPSHOT with classifier  to /banking-service/target/classes
2021-02-26 21:38:52,150 [Worker-4: Importing Maven projects] INFO  o.e.m.c.i.p.WorkspaceClassifierResolverManager - Resolving P/banking-dao: com.rab3tech:banking-dao:0.0.1-SNAPSHOT with classifier  to /banking-dao/target/classes
2021-02-26 21:38:52,676 [Worker-4: Importing Maven projects] INFO  o.e.m.c.i.l.LifecycleMappingFactory - Using org.eclipse.m2e.jdt.JarLifecycleMapping lifecycle mapping for MavenProject: com.rab3tech:banking-web:0.0.1-SNAPSHOT @ C:\Users\Ahmed\OneDrive\Desktop\Work-Space-Test\online-banking-parent\banking-web\pom.xml.
2021-02-26 21:38:52,710 [Worker-4: Importing Maven projects] INFO  o.e.m.c.i.p.WorkspaceClassifierResolverManager - Resolving P/banking-service: com.rab3tech:banking-service:0.0.1-SNAPSHOT with classifier  to /banking-service/target/classes
2021-02-26 21:38:52,744 [Worker-4: Importing Maven projects] INFO  o.e.m.c.i.p.WorkspaceClassifierResolverManager - Resolving P/banking-dao: com.rab3tech:banking-dao:0.0.1-SNAPSHOT with classifier  to /banking-dao/target/classes
2021-02-26 21:38:52,760 [Worker-4: Importing Maven projects] INFO  o.e.m.c.i.p.WorkspaceClassifierResolverManager - Resolving P/banking-api: com.rab3tech:banking-api:0.0.1-SNAPSHOT with classifier  to /banking-api/target/classes
2021-02-26 21:38:58,178 [Worker-4: Importing Maven projects] INFO  o.e.m.j.i.AbstractJavaProjectConfigurator - Adding source folder /banking-dao/src/main/java
2021-02-26 21:38:58,179 [Worker-4: Importing Maven projects] INFO  o.e.m.j.i.AbstractJavaProjectConfigurator - Adding source folder /banking-dao/src/test/java
2021-02-26 21:38:58,502 [Worker-4: Importing Maven projects] INFO  o.e.m.j.i.AbstractJavaProjectConfigurator - Adding source folder /banking-service/src/main/java
2021-02-26 21:38:58,503 [Worker-4: Importing Maven projects] INFO  o.e.m.j.i.AbstractJavaProjectConfigurator - Adding resource folder /banking-service/src/main/resources
2021-02-26 21:38:58,507 [Worker-4: Importing Maven projects] INFO  o.e.m.j.i.AbstractJavaProjectConfigurator - Adding resource folder /banking-service/src/main/resources
2021-02-26 21:38:58,508 [Worker-4: Importing Maven projects] INFO  o.e.m.j.i.AbstractJavaProjectConfigurator - Adding source folder /banking-service/src/test/java
2021-02-26 21:38:58,889 [Worker-4: Importing Maven projects] INFO  o.e.m.j.i.AbstractJavaProjectConfigurator - Adding source folder /banking-api/src/main/java
2021-02-26 21:38:58,891 [Worker-4: Importing Maven projects] INFO  o.e.m.j.i.AbstractJavaProjectConfigurator - Adding source folder /banking-api/src/test/java
2021-02-26 21:38:58,891 [Worker-4: Importing Maven projects] INFO  o.e.m.j.i.AbstractJavaProjectConfigurator - Adding resource folder /banking-api/src/test/resources
2021-02-26 21:38:59,356 [Worker-4: Importing Maven projects] INFO  o.e.m.j.i.AbstractJavaProjectConfigurator - Adding source folder /banking-web/src/main/java
2021-02-26 21:38:59,356 [Worker-4: Importing Maven projects] INFO  o.e.m.j.i.AbstractJavaProjectConfigurator - Adding resource folder /banking-web/src/main/resources
2021-02-26 21:38:59,360 [Worker-4: Importing Maven projects] INFO  o.e.m.j.i.AbstractJavaProjectConfigurator - Adding resource folder /banking-web/src/main/resources
2021-02-26 21:38:59,366 [Worker-4: Importing Maven projects] INFO  o.e.m.j.i.AbstractJavaProjectConfigurator - Adding source folder /banking-web/src/test/java
2021-02-26 21:38:59,839 [Worker-4: Importing Maven projects] INFO  o.e.m.c.i.p.ProjectConfigurationManager - Imported and configured 5 project(s) in 24 sec
2021-02-26 21:39:02,568 [Worker-1: Building] INFO  o.e.m.c.i.embedder.EclipseLogger - Using 'UTF-8' encoding to copy filtered resources.
2021-02-26 21:39:02,568 [Worker-1: Building] INFO  o.e.m.c.i.embedder.EclipseLogger - skip non existing resourceDirectory C:\Users\Ahmed\OneDrive\Desktop\Work-Space-Test\online-banking-parent\banking-dao\src\main\resources
2021-02-26 21:39:02,568 [Worker-1: Building] INFO  o.e.m.c.i.embedder.EclipseLogger - skip non existing resourceDirectory C:\Users\Ahmed\OneDrive\Desktop\Work-Space-Test\online-banking-parent\banking-dao\src\main\resources
2021-02-26 21:39:02,571 [Worker-1: Building] INFO  o.e.m.c.i.embedder.EclipseLogger - Not copying test resources
2021-02-26 21:39:05,501 [Worker-1: Building] WARN  o.e.m.c.i.embedder.EclipseLogger - The artifact org.hibernate:hibernate-validator:jar:6.0.13.Final has been relocated to org.hibernate.validator:hibernate-validator:jar:6.0.13.Final
2021-02-26 21:39:05,511 [Worker-1: Building] INFO  o.e.m.c.i.p.WorkspaceClassifierResolverManager - Resolving P/banking-dao: com.rab3tech:banking-dao:0.0.1-SNAPSHOT with classifier  to /banking-dao/target/classes
2021-02-26 21:39:05,608 [Worker-1: Building] INFO  o.e.m.c.i.embedder.EclipseLogger - Using 'UTF-8' encoding to copy filtered resources.
2021-02-26 21:39:05,613 [Worker-1: Building] INFO  o.e.m.c.i.embedder.EclipseLogger - Copying 0 resource
2021-02-26 21:39:05,616 [Worker-1: Building] INFO  o.e.m.c.i.embedder.EclipseLogger - Copying 19 resources
2021-02-26 21:39:05,956 [Worker-1: Building] INFO  o.e.m.c.i.embedder.EclipseLogger - Not copying test resources
2021-02-26 21:39:07,565 [Worker-1: Building] INFO  o.e.m.c.i.p.WorkspaceClassifierResolverManager - Resolving P/banking-service: com.rab3tech:banking-service:0.0.1-SNAPSHOT with classifier  to /banking-service/target/classes
2021-02-26 21:39:07,565 [Worker-1: Building] INFO  o.e.m.c.i.p.WorkspaceClassifierResolverManager - Resolving P/banking-dao: com.rab3tech:banking-dao:0.0.1-SNAPSHOT with classifier  to /banking-dao/target/classes
2021-02-26 21:39:07,693 [Worker-1: Building] INFO  o.e.m.c.i.embedder.EclipseLogger - Using 'UTF-8' encoding to copy filtered resources.
2021-02-26 21:39:07,694 [Worker-1: Building] INFO  o.e.m.c.i.embedder.EclipseLogger - skip non existing resourceDirectory C:\Users\Ahmed\OneDrive\Desktop\Work-Space-Test\online-banking-parent\banking-api\src\main\resources
2021-02-26 21:39:07,694 [Worker-1: Building] INFO  o.e.m.c.i.embedder.EclipseLogger - skip non existing resourceDirectory C:\Users\Ahmed\OneDrive\Desktop\Work-Space-Test\online-banking-parent\banking-api\src\main\resources
2021-02-26 21:39:07,699 [Worker-1: Building] INFO  o.e.m.c.i.embedder.EclipseLogger - Not copying test resources
2021-02-26 21:39:09,417 [Worker-1: Building] INFO  o.e.m.c.i.p.WorkspaceClassifierResolverManager - Resolving P/banking-service: com.rab3tech:banking-service:0.0.1-SNAPSHOT with classifier  to /banking-service/target/classes
2021-02-26 21:39:09,455 [Worker-1: Building] INFO  o.e.m.c.i.p.WorkspaceClassifierResolverManager - Resolving P/banking-dao: com.rab3tech:banking-dao:0.0.1-SNAPSHOT with classifier  to /banking-dao/target/classes
2021-02-26 21:39:09,486 [Worker-1: Building] INFO  o.e.m.c.i.p.WorkspaceClassifierResolverManager - Resolving P/banking-api: com.rab3tech:banking-api:0.0.1-SNAPSHOT with classifier  to /banking-api/target/classes
2021-02-26 21:39:09,570 [Worker-1: Building] INFO  o.e.m.c.i.embedder.EclipseLogger - Using 'UTF-8' encoding to copy filtered resources.
2021-02-26 21:39:09,574 [Worker-1: Building] INFO  o.e.m.c.i.embedder.EclipseLogger - Copying 4 resources
2021-02-26 21:39:09,649 [Worker-1: Building] INFO  o.e.m.c.i.embedder.EclipseLogger - Copying 371 resources
2021-02-26 21:39:15,650 [Worker-1: Building] INFO  o.e.m.c.i.embedder.EclipseLogger - Not copying test resources
2021-02-26 21:39:39,626 [Worker-7: Updating Maven Project] INFO  o.e.m.c.i.p.ProjectConfigurationManager - Update started
2021-02-26 21:39:41,246 [Worker-7: Updating Maven Project] INFO  o.e.m.c.i.l.LifecycleMappingFactory - Using org.eclipse.m2e.jdt.JarLifecycleMapping lifecycle mapping for MavenProject: com.rab3tech:banking-api:0.0.1-SNAPSHOT @ C:\Users\Ahmed\OneDrive\Desktop\Work-Space-Test\online-banking-parent\banking-api\pom.xml.
2021-02-26 21:39:41,779 [Worker-7: Updating Maven Project] INFO  o.e.m.c.i.p.WorkspaceClassifierResolverManager - Resolving P/banking-service: com.rab3tech:banking-service:0.0.1-SNAPSHOT with classifier  to /banking-service/target/classes
2021-02-26 21:39:41,780 [Worker-7: Updating Maven Project] INFO  o.e.m.c.i.p.WorkspaceClassifierResolverManager - Resolving P/banking-dao: com.rab3tech:banking-dao:0.0.1-SNAPSHOT with classifier  to /banking-dao/target/classes
2021-02-26 21:39:41,926 [Worker-7: Updating Maven Project] INFO  o.e.m.c.i.l.LifecycleMappingFactory - Using NULL lifecycle mapping for MavenProject: com.rab3tech:online-banking-parent:0.0.1-SNAPSHOT @ C:\Users\Ahmed\OneDrive\Desktop\Work-Space-Test\online-banking-parent\pom.xml.
2021-02-26 21:39:42,359 [Worker-7: Updating Maven Project] INFO  o.e.m.c.i.l.LifecycleMappingFactory - Using org.eclipse.m2e.jdt.JarLifecycleMapping lifecycle mapping for MavenProject: com.rab3tech:banking-dao:0.0.1-SNAPSHOT @ C:\Users\Ahmed\OneDrive\Desktop\Work-Space-Test\online-banking-parent\banking-dao\pom.xml.
2021-02-26 21:39:42,867 [Worker-7: Updating Maven Project] INFO  o.e.m.c.i.l.LifecycleMappingFactory - Using org.eclipse.m2e.jdt.JarLifecycleMapping lifecycle mapping for MavenProject: com.rab3tech:banking-service:0.0.1-SNAPSHOT @ C:\Users\Ahmed\OneDrive\Desktop\Work-Space-Test\online-banking-parent\banking-service\pom.xml.
2021-02-26 21:39:42,880 [Worker-7: Updating Maven Project] WARN  o.e.m.c.i.embedder.EclipseLogger - The artifact org.hibernate:hibernate-validator:jar:6.0.13.Final has been relocated to org.hibernate.validator:hibernate-validator:jar:6.0.13.Final
2021-02-26 21:39:42,888 [Worker-7: Updating Maven Project] INFO  o.e.m.c.i.p.WorkspaceClassifierResolverManager - Resolving P/banking-dao: com.rab3tech:banking-dao:0.0.1-SNAPSHOT with classifier  to /banking-dao/target/classes
2021-02-26 21:39:43,332 [Worker-7: Updating Maven Project] INFO  o.e.m.c.i.l.LifecycleMappingFactory - Using org.eclipse.m2e.jdt.JarLifecycleMapping lifecycle mapping for MavenProject: com.rab3tech:banking-web:0.0.1-SNAPSHOT @ C:\Users\Ahmed\OneDrive\Desktop\Work-Space-Test\online-banking-parent\banking-web\pom.xml.
2021-02-26 21:39:43,358 [Worker-7: Updating Maven Project] INFO  o.e.m.c.i.p.WorkspaceClassifierResolverManager - Resolving P/banking-service: com.rab3tech:banking-service:0.0.1-SNAPSHOT with classifier  to /banking-service/target/classes
2021-02-26 21:39:43,388 [Worker-7: Updating Maven Project] INFO  o.e.m.c.i.p.WorkspaceClassifierResolverManager - Resolving P/banking-dao: com.rab3tech:banking-dao:0.0.1-SNAPSHOT with classifier  to /banking-dao/target/classes
2021-02-26 21:39:43,411 [Worker-7: Updating Maven Project] INFO  o.e.m.c.i.p.WorkspaceClassifierResolverManager - Resolving P/banking-api: com.rab3tech:banking-api:0.0.1-SNAPSHOT with classifier  to /banking-api/target/classes
2021-02-26 21:39:44,999 [Worker-7: Updating Maven Project] INFO  o.e.m.j.i.AbstractJavaProjectConfigurator - Adding source folder /banking-api/src/main/java
2021-02-26 21:39:45,000 [Worker-7: Updating Maven Project] INFO  o.e.m.j.i.AbstractJavaProjectConfigurator - Adding source folder /banking-api/src/test/java
2021-02-26 21:39:45,000 [Worker-7: Updating Maven Project] INFO  o.e.m.j.i.AbstractJavaProjectConfigurator - Adding resource folder /banking-api/src/test/resources
2021-02-26 21:39:45,700 [Worker-7: Updating Maven Project] INFO  o.e.m.j.i.AbstractJavaProjectConfigurator - Adding source folder /banking-dao/src/main/java
2021-02-26 21:39:45,701 [Worker-7: Updating Maven Project] INFO  o.e.m.j.i.AbstractJavaProjectConfigurator - Adding source folder /banking-dao/src/test/java
2021-02-26 21:39:45,901 [Worker-7: Updating Maven Project] INFO  o.e.m.j.i.AbstractJavaProjectConfigurator - Adding source folder /banking-service/src/main/java
2021-02-26 21:39:45,903 [Worker-7: Updating Maven Project] INFO  o.e.m.j.i.AbstractJavaProjectConfigurator - Adding resource folder /banking-service/src/main/resources
2021-02-26 21:39:45,904 [Worker-7: Updating Maven Project] INFO  o.e.m.j.i.AbstractJavaProjectConfigurator - Adding resource folder /banking-service/src/main/resources
2021-02-26 21:39:45,905 [Worker-7: Updating Maven Project] INFO  o.e.m.j.i.AbstractJavaProjectConfigurator - Adding source folder /banking-service/src/test/java
2021-02-26 21:39:46,208 [Worker-7: Updating Maven Project] INFO  o.e.m.j.i.AbstractJavaProjectConfigurator - Adding source folder /banking-web/src/main/java
2021-02-26 21:39:46,209 [Worker-7: Updating Maven Project] INFO  o.e.m.j.i.AbstractJavaProjectConfigurator - Adding resource folder /banking-web/src/main/resources
2021-02-26 21:39:46,212 [Worker-7: Updating Maven Project] INFO  o.e.m.j.i.AbstractJavaProjectConfigurator - Adding resource folder /banking-web/src/main/resources
2021-02-26 21:39:46,217 [Worker-7: Updating Maven Project] INFO  o.e.m.j.i.AbstractJavaProjectConfigurator - Adding source folder /banking-web/src/test/java
2021-02-26 21:39:47,470 [Worker-7: Updating Maven Project] INFO  o.e.m.c.i.p.ProjectConfigurationManager - Update completed: 7 sec
2021-02-26 21:39:48,215 [Worker-1: Cleaning all projects] INFO  o.e.m.c.i.p.WorkspaceClassifierResolverManager - Resolving P/banking-service: com.rab3tech:banking-service:0.0.1-SNAPSHOT with classifier  to /banking-service/target/classes
2021-02-26 21:39:48,215 [Worker-1: Cleaning all projects] INFO  o.e.m.c.i.p.WorkspaceClassifierResolverManager - Resolving P/banking-dao: com.rab3tech:banking-dao:0.0.1-SNAPSHOT with classifier  to /banking-dao/target/classes
2021-02-26 21:39:49,349 [Worker-1: Cleaning all projects] WARN  o.e.m.c.i.embedder.EclipseLogger - The artifact org.hibernate:hibernate-validator:jar:6.0.13.Final has been relocated to org.hibernate.validator:hibernate-validator:jar:6.0.13.Final
2021-02-26 21:39:49,359 [Worker-1: Cleaning all projects] INFO  o.e.m.c.i.p.WorkspaceClassifierResolverManager - Resolving P/banking-dao: com.rab3tech:banking-dao:0.0.1-SNAPSHOT with classifier  to /banking-dao/target/classes
2021-02-26 21:39:50,097 [Worker-1: Cleaning all projects] INFO  o.e.m.c.i.p.WorkspaceClassifierResolverManager - Resolving P/banking-service: com.rab3tech:banking-service:0.0.1-SNAPSHOT with classifier  to /banking-service/target/classes
2021-02-26 21:39:50,124 [Worker-1: Cleaning all projects] INFO  o.e.m.c.i.p.WorkspaceClassifierResolverManager - Resolving P/banking-dao: com.rab3tech:banking-dao:0.0.1-SNAPSHOT with classifier  to /banking-dao/target/classes
2021-02-26 21:39:50,139 [Worker-1: Cleaning all projects] INFO  o.e.m.c.i.p.WorkspaceClassifierResolverManager - Resolving P/banking-api: com.rab3tech:banking-api:0.0.1-SNAPSHOT with classifier  to /banking-api/target/classes
2021-02-26 21:39:50,848 [Worker-4: Building] INFO  o.e.m.c.i.embedder.EclipseLogger - Using 'UTF-8' encoding to copy filtered resources.
2021-02-26 21:39:50,849 [Worker-4: Building] INFO  o.e.m.c.i.embedder.EclipseLogger - skip non existing resourceDirectory C:\Users\Ahmed\OneDrive\Desktop\Work-Space-Test\online-banking-parent\banking-dao\src\main\resources
2021-02-26 21:39:50,849 [Worker-4: Building] INFO  o.e.m.c.i.embedder.EclipseLogger - skip non existing resourceDirectory C:\Users\Ahmed\OneDrive\Desktop\Work-Space-Test\online-banking-parent\banking-dao\src\main\resources
2021-02-26 21:39:50,853 [Worker-4: Building] INFO  o.e.m.c.i.embedder.EclipseLogger - Not copying test resources
2021-02-26 21:39:52,461 [Worker-3: Building] INFO  o.e.m.c.i.embedder.EclipseLogger - Using 'UTF-8' encoding to copy filtered resources.
2021-02-26 21:39:52,462 [Worker-3: Building] INFO  o.e.m.c.i.embedder.EclipseLogger - Copying 0 resource
2021-02-26 21:39:52,463 [Worker-3: Building] INFO  o.e.m.c.i.embedder.EclipseLogger - Copying 19 resources
2021-02-26 21:39:52,638 [Worker-3: Building] INFO  o.e.m.c.i.embedder.EclipseLogger - Not copying test resources
2021-02-26 21:39:53,134 [Worker-3: Building] INFO  o.e.m.c.i.embedder.EclipseLogger - Using 'UTF-8' encoding to copy filtered resources.
2021-02-26 21:39:53,135 [Worker-3: Building] INFO  o.e.m.c.i.embedder.EclipseLogger - skip non existing resourceDirectory C:\Users\Ahmed\OneDrive\Desktop\Work-Space-Test\online-banking-parent\banking-api\src\main\resources
2021-02-26 21:39:53,135 [Worker-3: Building] INFO  o.e.m.c.i.embedder.EclipseLogger - skip non existing resourceDirectory C:\Users\Ahmed\OneDrive\Desktop\Work-Space-Test\online-banking-parent\banking-api\src\main\resources
2021-02-26 21:39:53,137 [Worker-3: Building] INFO  o.e.m.c.i.embedder.EclipseLogger - Not copying test resources
2021-02-26 21:39:53,621 [Worker-3: Building] INFO  o.e.m.c.i.embedder.EclipseLogger - Using 'UTF-8' encoding to copy filtered resources.
2021-02-26 21:39:53,625 [Worker-3: Building] INFO  o.e.m.c.i.embedder.EclipseLogger - Copying 4 resources
2021-02-26 21:39:53,682 [Worker-3: Building] INFO  o.e.m.c.i.embedder.EclipseLogger - Copying 371 resources
2021-02-26 21:39:58,710 [Worker-3: Building] INFO  o.e.m.c.i.embedder.EclipseLogger - Not copying test resources
2021-02-26 21:40:05,825 [Worker-5: Building] INFO  o.e.m.c.i.embedder.EclipseLogger - Using 'UTF-8' encoding to copy filtered resources.
2021-02-26 21:40:05,828 [Worker-5: Building] INFO  o.e.m.c.i.embedder.EclipseLogger - Copying 1 resource
2021-02-26 21:40:05,831 [Worker-5: Building] INFO  o.e.m.c.i.embedder.EclipseLogger - Copying 0 resource
2021-02-26 21:40:05,835 [Worker-5: Building] INFO  o.e.m.c.i.embedder.EclipseLogger - Not copying test resources
2021-02-26 21:40:14,147 [Worker-5: Building] INFO  o.e.m.c.i.embedder.EclipseLogger - Using 'UTF-8' encoding to copy filtered resources.
2021-02-26 21:40:14,147 [Worker-5: Building] INFO  o.e.m.c.i.embedder.EclipseLogger - skip non existing resourceDirectory C:\Users\Ahmed\OneDrive\Desktop\Work-Space-Test\online-banking-parent\banking-dao\src\main\resources
2021-02-26 21:40:14,148 [Worker-5: Building] INFO  o.e.m.c.i.embedder.EclipseLogger - skip non existing resourceDirectory C:\Users\Ahmed\OneDrive\Desktop\Work-Space-Test\online-banking-parent\banking-dao\src\main\resources
2021-02-26 21:40:14,152 [Worker-5: Building] INFO  o.e.m.c.i.embedder.EclipseLogger - Not copying test resources
2021-02-26 21:40:14,177 [Worker-5: Building] INFO  o.e.m.c.i.embedder.EclipseLogger - Using 'UTF-8' encoding to copy filtered resources.
2021-02-26 21:40:14,178 [Worker-5: Building] INFO  o.e.m.c.i.embedder.EclipseLogger - Copying 0 resource
2021-02-26 21:40:14,178 [Worker-5: Building] INFO  o.e.m.c.i.embedder.EclipseLogger - Copying 0 resource
2021-02-26 21:40:14,180 [Worker-5: Building] INFO  o.e.m.c.i.embedder.EclipseLogger - Not copying test resources
2021-02-26 21:40:14,199 [Worker-5: Building] INFO  o.e.m.c.i.embedder.EclipseLogger - Using 'UTF-8' encoding to copy filtered resources.
2021-02-26 21:40:14,199 [Worker-5: Building] INFO  o.e.m.c.i.embedder.EclipseLogger - skip non existing resourceDirectory C:\Users\Ahmed\OneDrive\Desktop\Work-Space-Test\online-banking-parent\banking-api\src\main\resources
2021-02-26 21:40:14,199 [Worker-5: Building] INFO  o.e.m.c.i.embedder.EclipseLogger - skip non existing resourceDirectory C:\Users\Ahmed\OneDrive\Desktop\Work-Space-Test\online-banking-parent\banking-api\src\main\resources
2021-02-26 21:40:14,209 [Worker-5: Building] INFO  o.e.m.c.i.embedder.EclipseLogger - Not copying test resources
2021-02-26 21:40:14,243 [Worker-5: Building] INFO  o.e.m.c.i.embedder.EclipseLogger - Using 'UTF-8' encoding to copy filtered resources.
2021-02-26 21:40:14,244 [Worker-5: Building] INFO  o.e.m.c.i.embedder.EclipseLogger - Copying 0 resource
2021-02-26 21:40:14,244 [Worker-5: Building] INFO  o.e.m.c.i.embedder.EclipseLogger - Copying 0 resource
2021-02-26 21:40:14,246 [Worker-5: Building] INFO  o.e.m.c.i.embedder.EclipseLogger - Not copying test resources
2021-02-26 21:40:21,053 [Worker-8: Launching SpringBootRunner] INFO  o.e.m.c.i.p.WorkspaceClassifierResolverManager - Resolving P/banking-service: com.rab3tech:banking-service:0.0.1-SNAPSHOT with classifier null to /banking-service/target/classes
2021-02-26 21:40:21,068 [Worker-8: Launching SpringBootRunner] INFO  o.e.m.c.i.p.WorkspaceClassifierResolverManager - Resolving P/banking-dao: com.rab3tech:banking-dao:0.0.1-SNAPSHOT with classifier null to /banking-dao/target/classes
2021-02-26 21:40:21,077 [Worker-8: Launching SpringBootRunner] INFO  o.e.m.c.i.p.WorkspaceClassifierResolverManager - Resolving P/banking-api: com.rab3tech:banking-api:0.0.1-SNAPSHOT with classifier null to /banking-api/target/classes
2021-02-26 21:40:21,855 [Worker-8: Launching SpringBootRunner] INFO  o.e.m.c.i.p.WorkspaceClassifierResolverManager - Resolving P/banking-service: com.rab3tech:banking-service:0.0.1-SNAPSHOT with classifier null to /banking-service/target/classes
2021-02-26 21:40:21,872 [Worker-8: Launching SpringBootRunner] INFO  o.e.m.c.i.p.WorkspaceClassifierResolverManager - Resolving P/banking-dao: com.rab3tech:banking-dao:0.0.1-SNAPSHOT with classifier null to /banking-dao/target/classes
2021-02-26 21:40:21,883 [Worker-8: Launching SpringBootRunner] INFO  o.e.m.c.i.p.WorkspaceClassifierResolverManager - Resolving P/banking-api: com.rab3tech:banking-api:0.0.1-SNAPSHOT with classifier null to /banking-api/target/classes
2021-02-26 21:40:22,615 [Worker-8: Launching SpringBootRunner] INFO  o.e.m.c.i.p.WorkspaceClassifierResolverManager - Resolving P/banking-service: com.rab3tech:banking-service:0.0.1-SNAPSHOT with classifier null to /banking-service/target/classes
2021-02-26 21:40:22,631 [Worker-8: Launching SpringBootRunner] INFO  o.e.m.c.i.p.WorkspaceClassifierResolverManager - Resolving P/banking-dao: com.rab3tech:banking-dao:0.0.1-SNAPSHOT with classifier null to /banking-dao/target/classes
